TN:
SF:src/actions.js
FN:1,sum
FN:5,sub
FN:9,multi
FN:17,div
FNF:4
FNH:4
FNDA:6,sum
FNDA:12,sub
FNDA:6,multi
FNDA:13,div
DA:2,6
DA:6,12
DA:10,6
DA:11,2
DA:14,4
DA:18,13
DA:19,2
DA:21,11
DA:24,11
LF:9
LH:9
BRDA:10,0,0,2
BRDA:10,0,1,4
BRDA:10,1,0,6
BRDA:10,1,1,5
BRDA:18,2,0,2
BRDA:18,2,1,11
BRF:6
BRH:6
end_of_record
TN:
SF:src/calculator.js
FN:10,inputDigit
FN:21,inputDecimal
FN:33,handleOperator
FN:67,clear
FN:74,updateScreen
FNF:5
FNH:5
FNDA:13,inputDigit
FNDA:3,inputDecimal
FNDA:8,handleOperator
FNDA:1,clear
FNDA:1,updateScreen
DA:3,7
DA:11,13
DA:12,5
DA:13,5
DA:14,8
DA:15,4
DA:17,4
DA:22,3
DA:23,1
DA:24,1
DA:25,1
DA:28,2
DA:29,1
DA:34,8
DA:35,8
DA:36,0
DA:37,0
DA:38,0
DA:41,8
DA:42,4
DA:43,4
DA:44,1
DA:45,1
DA:47,0
DA:48,0
DA:50,0
DA:51,0
DA:53,0
DA:54,0
DA:56,0
DA:57,0
DA:60,1
DA:61,1
DA:63,8
DA:64,8
DA:68,1
DA:69,1
DA:70,1
DA:71,1
DA:75,1
DA:76,1
DA:79,7
LF:42
LH:31
BRDA:11,0,0,5
BRDA:11,0,1,8
BRDA:14,1,0,4
BRDA:14,1,1,4
BRDA:22,2,0,1
BRDA:22,2,1,2
BRDA:28,3,0,1
BRDA:28,3,1,1
BRDA:35,4,0,0
BRDA:35,4,1,8
BRDA:35,5,0,8
BRDA:35,5,1,1
BRDA:41,6,0,4
BRDA:41,6,1,4
BRDA:41,7,0,8
BRDA:41,7,1,4
BRDA:43,8,0,1
BRDA:43,8,1,3
BRDA:45,9,0,0
BRDA:45,9,1,0
BRDA:45,9,2,0
BRDA:45,9,3,0
BRDA:45,9,4,1
BRF:23
BRH:18
end_of_record
TN:
SF:src/index.js
FN:3,(anonymous_0)
FN:10,(anonymous_1)
FNF:2
FNH:0
FNDA:0,(anonymous_0)
FNDA:0,(anonymous_1)
DA:3,1
DA:4,0
DA:6,0
DA:7,0
DA:8,0
DA:10,0
DA:11,0
DA:12,0
DA:15,0
DA:18,0
DA:20,0
DA:21,0
DA:22,0
DA:23,0
DA:24,0
DA:25,0
DA:26,0
DA:27,0
DA:28,0
DA:29,0
DA:32,0
LF:21
LH:1
BRDA:11,0,0,0
BRDA:11,0,1,0
BRDA:20,1,0,0
BRDA:20,1,1,0
BRDA:22,2,0,0
BRDA:22,2,1,0
BRDA:24,3,0,0
BRDA:24,3,1,0
BRDA:26,4,0,0
BRDA:26,4,1,0
BRDA:28,5,0,0
BRDA:28,5,1,0
BRF:12
BRH:0
end_of_record
